[sensor.cam0.jpeg] starting pipe /dev/video0 → Kafka
2026-04-29 23:46:06,426 [cam-producer] INFO: Starting  topic=sensor.cam0.jpeg  device=/dev/video0
2026-04-29 23:46:07,580 [cam-producer] INFO: Produced topic=sensor.cam0.jpeg size=33324 B count=1
2026-04-29 23:46:09,579 [cam-producer] INFO: Produced topic=sensor.cam0.jpeg size=33236 B count=2
2026-04-29 23:46:11,580 [cam-producer] INFO: Produced topic=sensor.cam0.jpeg size=33303 B count=3
2026-04-29 23:46:13,580 [cam-producer] INFO: Produced topic=sensor.cam0.jpeg size=33282 B count=4
2026-04-29 23:46:15,580 [cam-producer] INFO: Produced topic=sensor.cam0.jpeg size=33269 B count=5
2026-04-29 23:46:17,580 [cam-producer] INFO: Produced topic=sensor.cam0.jpeg size=33301 B count=6
2026-04-29 23:46:19,580 [cam-producer] INFO: Produced topic=sensor.cam0.jpeg size=33221 B count=7
2026-04-29 23:46:21,580 [cam-producer] INFO: Produced topic=sensor.cam0.jpeg size=33162 B count=8
2026-04-29 23:46:23,580 [cam-producer] INFO: Produced topic=sensor.cam0.jpeg size=33294 B count=9
2026-04-29 23:46:25,580 [cam-producer] INFO: Produced topic=sensor.cam0.jpeg size=33125 B count=10
2026-04-29 23:46:27,582 [cam-producer] INFO: Produced topic=sensor.cam0.jpeg size=33311 B count=11
2026-04-29 23:46:29,580 [cam-producer] INFO: Produced topic=sensor.cam0.jpeg size=33155 B count=12
2026-04-29 23:46:31,581 [cam-producer] INFO: Produced topic=sensor.cam0.jpeg size=33269 B count=13
2026-04-29 23:46:33,580 [cam-producer] INFO: Produced topic=sensor.cam0.jpeg size=33270 B count=14
2026-04-29 23:46:35,580 [cam-producer] INFO: Produced topic=sensor.cam0.jpeg size=33183 B count=15
2026-04-29 23:46:37,581 [cam-producer] INFO: Produced topic=sensor.cam0.jpeg size=33307 B count=16
2026-04-29 23:46:39,580 [cam-producer] INFO: Produced topic=sensor.cam0.jpeg size=33172 B count=17
2026-04-29 23:46:41,580 [cam-producer] INFO: Produced topic=sensor.cam0.jpeg size=33221 B count=18
2026-04-29 23:46:43,581 [cam-producer] INFO: Produced topic=sensor.cam0.jpeg size=33266 B count=19
2026-04-29 23:46:45,580 [cam-producer] INFO: Produced topic=sensor.cam0.jpeg size=33345 B count=20
2026-04-29 23:46:47,581 [cam-producer] INFO: Produced topic=sensor.cam0.jpeg size=33204 B count=21
2026-04-29 23:46:49,580 [cam-producer] INFO: Produced topic=sensor.cam0.jpeg size=33293 B count=22
2026-04-29 23:46:51,581 [cam-producer] INFO: Produced topic=sensor.cam0.jpeg size=33230 B count=23
2026-04-29 23:46:53,580 [cam-producer] INFO: Produced topic=sensor.cam0.jpeg size=33258 B count=24
2026-04-29 23:46:55,581 [cam-producer] INFO: Produced topic=sensor.cam0.jpeg size=33307 B count=25
2026-04-29 23:46:57,581 [cam-producer] INFO: Produced topic=sensor.cam0.jpeg size=33233 B count=26
2026-04-29 23:46:59,581 [cam-producer] INFO: Produced topic=sensor.cam0.jpeg size=33210 B count=27
2026-04-29 23:47:01,581 [cam-producer] INFO: Produced topic=sensor.cam0.jpeg size=33299 B count=28
2026-04-29 23:47:03,581 [cam-producer] INFO: Produced topic=sensor.cam0.jpeg size=33208 B count=29
2026-04-29 23:47:05,581 [cam-producer] INFO: Produced topic=sensor.cam0.jpeg size=33255 B count=30
2026-04-29 23:47:07,563 [cam-producer] INFO: Produced topic=sensor.cam0.jpeg size=33189 B count=31
2026-04-29 23:47:09,581 [cam-producer] INFO: Produced topic=sensor.cam0.jpeg size=33272 B count=32
2026-04-29 23:47:11,581 [cam-producer] INFO: Produced topic=sensor.cam0.jpeg size=33314 B count=33
2026-04-29 23:47:13,529 [cam-producer] INFO: Done. total=33
Traceback (most recent call last):
  File "<string>", line 16, in <module>
KeyboardInterrupt
